
 紙漿廠：準備中


 紙漿廠：製成->紙漿1頓


 造紙廠1：可取得紙漿,紙漿成紙準備中


 造紙廠1：製成->紙張5000


 列印廠：可取得紙,列印準備中


 造紙廠1：製成->紙張5000


 列印廠：可取得紙,列印準備中


 列印廠：有紙:10000

 列印廠：製成->列印6000


 紙漿廠：準備中


 紙漿廠：製成->紙漿1頓


 造紙廠2：可取得紙漿,紙漿成紙準備中


 造紙廠2：製成->紙張3000

已完成列印總數: 6000

 列印廠：可取得紙,列印準備中


 列印廠：有紙:7000

 列印廠：製成->列印6000


 造紙廠2：製成->紙張3000

已完成列印總數: 12000

 紙漿廠：準備中


 紙漿廠：製成->紙漿1頓


 造紙廠1：可取得紙漿,紙漿成紙準備中


 造紙廠1：製成->紙張5000


 造紙廠1：製成->紙張5000


 列印廠：可取得紙,列印準備中


 列印廠：可取得紙,列印準備中


 列印廠：有紙:9000

 列印廠：製成->列印6000


 紙漿廠：準備中


 紙漿廠：製成->紙漿1頓


 造紙廠2：製成->紙張3000

已完成列印總數: 18000

 造紙廠1：可取得紙漿,紙漿成紙準備中


 造紙廠1：製成->紙張5000


 列印廠：可取得紙,列印準備中


 列印廠：有紙:6000

 列印廠：製成->列印6000

已完成列印總數: 24000

 紙漿廠：準備中


 紙漿廠：製成->紙漿1頓


 造紙廠2：可取得紙漿,紙漿成紙準備中


 造紙廠2：製成->紙張3000


 紙漿廠：準備中


 紙漿廠：製成->紙漿1頓


 造紙廠2：製成->紙張3000


 造紙廠1：製成->紙張5000


 列印廠：可取得紙,列印準備中


 列印廠：可取得紙,列印準備中


 列印廠：有紙:10000

 列印廠：製成->列印6000

已完成列印總數: 30000

 造紙廠2：製成->紙張3000


 紙漿廠：準備中


 紙漿廠：製成->紙漿1頓


 造紙廠1：可取得紙漿,紙漿成紙準備中


 造紙廠1：製成->紙張5000


 列印廠：可取得紙,列印準備中


 列印廠：有紙:7000

 列印廠：製成->列印6000

已完成列印總數: 36000

 造紙廠2：可取得紙漿,紙漿成紙準備中


 造紙廠2：製成->紙張3000


 造紙廠1：製成->紙張5000


 列印廠：可取得紙,列印準備中


 列印廠：可取得紙,列印準備中


 列印廠：有紙:9000

 列印廠：製成->列印6000

已完成列印總數: 42000

 造紙廠2：製成->紙張3000


 列印廠：可取得紙,列印準備中


 列印廠：有紙:6000

 列印廠：製成->列印6000

已完成列印總數: 48000

 造紙廠2：製成->紙張3000


 列印廠：可取得紙,列印準備中


 列印廠：可取得紙,列印準備中


 列印廠：有紙:8000

 列印廠：製成->列印6000

已完成列印總數: 54000

 列印廠：可取得紙,列印準備中


 列印廠：有紙:7000

 列印廠：製成->列印6000

已完成列印總數: 60000
